Informational Output for PART: C:\Users\Philipp\Documents\NX\fertigung_test.prt
Created By:    Philipp
Creation Date: Tue Dec 30 00:33:02 2014
===============================================

+++MOM WARNING+++
Info: EREIGNIS-BEHANDLUNGSROUTINE FEHLT: Ereignisname: WIZD_mill_planar__mill_planar

Informational Output for PART: C:\Users\Philipp\Documents\NX\fertigung_test.prt
Created By:    Philipp
Creation Date: Tue Dec 30 00:33:08 2014
===============================================

+++MOM WARNING+++
Info: EREIGNIS-BEHANDLUNGSROUTINE FEHLT: Ereignisname: WIZD_mill_planar__floor_wall


+++MOM WARNING+++
Info: EREIGNIS-BEHANDLUNGSROUTINE FEHLT: Ereignisname: WIZD_mill_contour__cavity_mill

Informational Output for PART: C:\Users\Philipp\Documents\NX\antennenmasthalter.prt
Created By:    Philipp
Creation Date: Mon Jan 19 21:55:46 2015
===============================================

+++MOM WARNING+++
Info: EREIGNIS-BEHANDLUNGSROUTINE FEHLT: Ereignisname: WIZD_mill_contour__mill_contour

Informational Output for PART: C:\Users\Philipp\Documents\NX\antennenmasthalter.prt
Created By:    Philipp
Creation Date: Mon Jan 19 21:55:52 2015
===============================================

+++MOM WARNING+++
Info: EREIGNIS-BEHANDLUNGSROUTINE FEHLT: Ereignisname: WIZD_mill_contour__rest_milling


+++MOM WARNING+++
Info: EREIGNIS-BEHANDLUNGSROUTINE FEHLT: Ereignisname: WIZD_mill_contour__rest_milling

Informational Output for PART: C:\Users\Philipp\Documents\NX\antennenmasthalter.prt
Created By:    Philipp
Creation Date: Mon Jan 19 22:43:40 2015
===============================================

+++MOM WARNING+++
Info: EREIGNIS-BEHANDLUNGSROUTINE FEHLT: Ereignisname: WIZD_mill_planar__floor_wall


+++MOM WARNING+++
Info: EREIGNIS-BEHANDLUNGSROUTINE FEHLT: Ereignisname: WIZD_mill_contour__rest_milling


+++MOM WARNING+++
Info: EREIGNIS-BEHANDLUNGSROUTINE FEHLT: Ereignisname: WIZD_mill_contour__rest_milling


+++MOM WARNING+++
Info: EREIGNIS-BEHANDLUNGSROUTINE FEHLT: Ereignisname: WIZD_mill_contour__rest_milling

Informational Output for PART: C:\Users\Philipp\Documents\NX\Dieselplatte_12mm.prt
Created By:    Philipp
Creation Date: Thu Feb 12 16:47:27 2015
===============================================

+++MOM WARNING+++
Info: EREIGNIS-BEHANDLUNGSROUTINE FEHLT: Ereignisname: WIZD_mill_contour__cavity_mill


+++MOM WARNING+++
Info: EREIGNIS-BEHANDLUNGSROUTINE FEHLT: Ereignisname: WIZD_mill_contour__mill


+++MOM WARNING+++
Info: EREIGNIS-BEHANDLUNGSROUTINE FEHLT: Ereignisname: WIZD_mill_contour__cavity_mill


+++MOM WARNING+++
Info: EREIGNIS-BEHANDLUNGSROUTINE FEHLT: Ereignisname: WIZD_mill_contour__cavity_mill

Informational Output for PART: C:\Users\Philipp\Documents\NX\Dieselplatte_12mm.prt
Created By:    Philipp
Creation Date: Mon Feb 23 14:01:03 2015
===============================================

+++MOM WARNING+++
Info: EREIGNIS-BEHANDLUNGSROUTINE FEHLT: Ereignisname: WIZD_mill_planar__mill

